mode: set
git.garena.com/bootcamp/batch-02/shared-projects/product-api.git/handlers/auth_handler.go:23.76,37.2 5 0
git.garena.com/bootcamp/batch-02/shared-projects/product-api.git/handlers/auth_handler.go:39.66,41.2 1 0
git.garena.com/bootcamp/batch-02/shared-projects/product-api.git/handlers/auth_handler.go:44.86,49.16 5 0
git.garena.com/bootcamp/batch-02/shared-projects/product-api.git/handlers/auth_handler.go:57.2,59.16 3 0
git.garena.com/bootcamp/batch-02/shared-projects/product-api.git/handlers/auth_handler.go:67.2,68.16 2 0
git.garena.com/bootcamp/batch-02/shared-projects/product-api.git/handlers/auth_handler.go:83.2,93.16 5 0
git.garena.com/bootcamp/batch-02/shared-projects/product-api.git/handlers/auth_handler.go:101.2,113.35 4 0
git.garena.com/bootcamp/batch-02/shared-projects/product-api.git/handlers/auth_handler.go:49.16,56.3 4 0
git.garena.com/bootcamp/batch-02/shared-projects/product-api.git/handlers/auth_handler.go:59.16,66.3 4 0
git.garena.com/bootcamp/batch-02/shared-projects/product-api.git/handlers/auth_handler.go:68.16,75.3 4 0
git.garena.com/bootcamp/batch-02/shared-projects/product-api.git/handlers/auth_handler.go:93.16,100.3 4 0
git.garena.com/bootcamp/batch-02/shared-projects/product-api.git/handlers/auth_handler.go:117.89,121.16 4 0
git.garena.com/bootcamp/batch-02/shared-projects/product-api.git/handlers/auth_handler.go:130.2,131.26 2 0
git.garena.com/bootcamp/batch-02/shared-projects/product-api.git/handlers/auth_handler.go:140.2,148.16 3 0
git.garena.com/bootcamp/batch-02/shared-projects/product-api.git/handlers/auth_handler.go:156.2,158.16 3 0
git.garena.com/bootcamp/batch-02/shared-projects/product-api.git/handlers/auth_handler.go:166.2,171.35 3 0
git.garena.com/bootcamp/batch-02/shared-projects/product-api.git/handlers/auth_handler.go:121.16,128.3 4 0
git.garena.com/bootcamp/batch-02/shared-projects/product-api.git/handlers/auth_handler.go:131.26,138.3 4 0
git.garena.com/bootcamp/batch-02/shared-projects/product-api.git/handlers/auth_handler.go:148.16,155.3 4 0
git.garena.com/bootcamp/batch-02/shared-projects/product-api.git/handlers/auth_handler.go:158.16,165.3 4 0
git.garena.com/bootcamp/batch-02/shared-projects/product-api.git/handlers/product_handler.go:25.91,29.16 4 1
git.garena.com/bootcamp/batch-02/shared-projects/product-api.git/handlers/product_handler.go:37.2,38.16 2 1
git.garena.com/bootcamp/batch-02/shared-projects/product-api.git/handlers/product_handler.go:54.2,58.49 2 1
git.garena.com/bootcamp/batch-02/shared-projects/product-api.git/handlers/product_handler.go:29.16,36.3 4 1
git.garena.com/bootcamp/batch-02/shared-projects/product-api.git/handlers/product_handler.go:38.16,39.14 1 1
git.garena.com/bootcamp/batch-02/shared-projects/product-api.git/handlers/product_handler.go:40.22,45.10 3 1
git.garena.com/bootcamp/batch-02/shared-projects/product-api.git/handlers/product_handler.go:46.11,51.10 3 1
git.garena.com/bootcamp/batch-02/shared-projects/product-api.git/handlers/product_handler.go:62.94,66.16 4 1
git.garena.com/bootcamp/batch-02/shared-projects/product-api.git/handlers/product_handler.go:73.2,75.16 3 1
git.garena.com/bootcamp/batch-02/shared-projects/product-api.git/handlers/product_handler.go:82.2,83.16 2 1
git.garena.com/bootcamp/batch-02/shared-projects/product-api.git/handlers/product_handler.go:91.2,95.49 2 1
git.garena.com/bootcamp/batch-02/shared-projects/product-api.git/handlers/product_handler.go:66.16,72.3 3 1
git.garena.com/bootcamp/batch-02/shared-projects/product-api.git/handlers/product_handler.go:75.16,81.3 3 0
git.garena.com/bootcamp/batch-02/shared-projects/product-api.git/handlers/product_handler.go:83.16,90.3 3 1
git.garena.com/bootcamp/batch-02/shared-projects/product-api.git/handlers/product_handler.go:99.94,103.16 4 1
git.garena.com/bootcamp/batch-02/shared-projects/product-api.git/handlers/product_handler.go:110.2,111.16 2 1
git.garena.com/bootcamp/batch-02/shared-projects/product-api.git/handlers/product_handler.go:118.2,121.49 2 1
git.garena.com/bootcamp/batch-02/shared-projects/product-api.git/handlers/product_handler.go:103.16,109.3 3 1
git.garena.com/bootcamp/batch-02/shared-projects/product-api.git/handlers/product_handler.go:111.16,117.3 3 1
git.garena.com/bootcamp/batch-02/shared-projects/product-api.git/handlers/product_handler.go:125.90,129.16 4 1
git.garena.com/bootcamp/batch-02/shared-projects/product-api.git/handlers/product_handler.go:136.2,137.26 2 1
git.garena.com/bootcamp/batch-02/shared-projects/product-api.git/handlers/product_handler.go:144.2,151.16 3 1
git.garena.com/bootcamp/batch-02/shared-projects/product-api.git/handlers/product_handler.go:158.2,162.54 2 1
git.garena.com/bootcamp/batch-02/shared-projects/product-api.git/handlers/product_handler.go:129.16,135.3 3 0
git.garena.com/bootcamp/batch-02/shared-projects/product-api.git/handlers/product_handler.go:137.26,143.3 3 1
git.garena.com/bootcamp/batch-02/shared-projects/product-api.git/handlers/product_handler.go:151.16,157.3 3 1
git.garena.com/bootcamp/batch-02/shared-projects/product-api.git/handlers/product_handler.go:166.91,171.16 5 1
git.garena.com/bootcamp/batch-02/shared-projects/product-api.git/handlers/product_handler.go:176.2,180.49 2 1
git.garena.com/bootcamp/batch-02/shared-projects/product-api.git/handlers/product_handler.go:171.16,175.3 3 1
git.garena.com/bootcamp/batch-02/shared-projects/product-api.git/handlers/product_handler.go:183.75,185.2 1 1
git.garena.com/bootcamp/batch-02/shared-projects/product-api.git/handlers/user_handler.go:19.88,22.16 3 0
git.garena.com/bootcamp/batch-02/shared-projects/product-api.git/handlers/user_handler.go:30.2,35.35 3 0
git.garena.com/bootcamp/batch-02/shared-projects/product-api.git/handlers/user_handler.go:22.16,29.3 4 0
git.garena.com/bootcamp/batch-02/shared-projects/product-api.git/handlers/user_handler.go:39.88,43.16 4 0
git.garena.com/bootcamp/batch-02/shared-projects/product-api.git/handlers/user_handler.go:51.2,52.16 2 0
git.garena.com/bootcamp/batch-02/shared-projects/product-api.git/handlers/user_handler.go:59.2,63.49 2 0
git.garena.com/bootcamp/batch-02/shared-projects/product-api.git/handlers/user_handler.go:43.16,50.3 4 0
git.garena.com/bootcamp/batch-02/shared-projects/product-api.git/handlers/user_handler.go:52.16,58.3 3 0
git.garena.com/bootcamp/batch-02/shared-projects/product-api.git/handlers/user_handler.go:66.66,68.2 1 0
